<?xml version="1.0" encoding="UTF-8"?>
<testsuite xmlns:xsi="http://www.w3.org/2001/XMLSchema-instance" xsi:noNamespaceSchemaLocation="https://maven.apache.org/surefire/maven-surefire-plugin/xsd/surefire-test-report.xsd" name="com.example.AppTest" time="0.041" tests="16" errors="0" skipped="0" failures="0">
  <properties>
[...]
</properties>
  <testcase name="updatePersonalDetailsInvalidAddressChange" classname="com.example.AppTest" time="0.011"/>
  <testcase name="shouldAnswerWithTrue" classname="com.example.AppTest" time="0"/>
  <testcase name="updatePersonalDetailsInvalidIDChange" classname="com.example.AppTest" time="0.001"/>
  <testcase name="addPersonInvalidAddress" classname="com.example.AppTest" time="0"/>
  <testcase name="addPersonInvalidIDLength" classname="com.example.AppTest" time="0.001"/>
  <testcase name="updatePersonalDetailsinValidNameChange" classname="com.example.AppTest" time="0.003"/>
  <testcase name="updatePersonalDetailsinValidAddressChange" classname="com.example.AppTest" time="0"/>
  <testcase name="addDemeritSuspension" classname="com.example.AppTest" time="0.004"/>
  <testcase name="addPersonValid" classname="com.example.AppTest" time="0"/>
  <testcase name="addDemeritPoints" classname="com.example.AppTest" time="0.003"/>
  <testcase name="addDemeritDateInvalid" classname="com.example.AppTest" time="0"/>
  <testcase name="addPersonInvalidState" classname="com.example.AppTest" time="0"/>
  <testcase name="addDemeritInvalidPoints" classname="com.example.AppTest" time="0.004"/>
  <testcase name="updatePersonalDetailsValid" classname="com.example.AppTest" time="0.002"/>
  <testcase name="addPersonInvalidID" classname="com.example.AppTest" time="0"/>
  <testcase name="addDemeritPointsInactive" classname="com.example.AppTest" time="0"/>
</testsuite>