<?xml version="1.0" encoding="UTF-8"?>
<testsuite xmlns:xsi="http://www.w3.org/2001/XMLSchema-instance" xsi:noNamespaceSchemaLocation="https://maven.apache.org/surefire/maven-surefire-plugin/xsd/surefire-test-report.xsd" name="com.example.AppTest" time="0.156" tests="7" errors="0" skipped="0" failures="0">
  <properties>
[...]
</properties>
  <testcase name="invalidID" classname="com.example.AppTest" time="0.01"/>
  <testcase name="invalidAddress" classname="com.example.AppTest" time="0.005"/>
  <testcase name="validAddPerson" classname="com.example.AppTest" time="0.014"/>
  <testcase name="shouldAnswerWithTrue" classname="com.example.AppTest" time="0.001"/>
  <testcase name="testFiles" classname="com.example.AppTest" time="0.005"/>
  <testcase name="invalidIDLength" classname="com.example.AppTest" time="0.004"/>
  <testcase name="invalidState" classname="com.example.AppTest" time="0.003"/>
</testsuite>